13-04-2020 22:57:58.801 [restartedMain] INFO  o.s.b.w.e.tomcat.TomcatWebServer.initialize - Tomcat initialized with port(s): 8080 (http)
13-04-2020 22:57:58.821 [restartedMain] INFO  o.a.catalina.core.StandardService.log - Starting service [Tomcat]
13-04-2020 22:57:58.824 [restartedMain] INFO  o.a.catalina.core.StandardEngine.log - Starting Servlet engine: [Apache Tomcat/9.0.33]
13-04-2020 22:57:59.196 [restartedMain] INFO  o.a.c.c.C.[Tomcat].[localhost].[/].log - Initializing Spring embedded WebApplicationContext
13-04-2020 22:57:59.203 [restartedMain] INFO  o.s.web.context.ContextLoader.prepareWebApplicationContext - Root WebApplicationContext: initialization completed in 1641 ms
13-04-2020 22:57:59.368 [restartedMain] INFO  o.s.b.web.servlet.RegistrationBean.register - Filter characterEncodingFilter was not registered (possibly already registered?)
13-04-2020 22:58:00.240 [restartedMain] INFO  o.s.s.c.ThreadPoolTaskExecutor.initialize - Initializing ExecutorService 'applicationTaskExecutor'
13-04-2020 22:58:00.248 [restartedMain] INFO  o.s.b.d.a.OptionalLiveReloadServer.startServer - LiveReload server is running on port 35729
13-04-2020 22:58:00.444 [restartedMain] INFO  s.d.s.w.p.DocumentationPluginsBootstrapper.start - Context refreshed
13-04-2020 22:58:00.454 [restartedMain] INFO  s.d.s.w.p.DocumentationPluginsBootstrapper.start - Found 1 custom documentation plugin(s)
13-04-2020 22:58:00.464 [restartedMain] INFO  s.d.s.w.s.ApiListingReferenceScanner.scan - Scanning for api listing references
13-04-2020 22:58:00.562 [restartedMain] INFO  o.s.b.w.e.tomcat.TomcatWebServer.start - Tomcat started on port(s): 8080 (http) with context path ''
13-04-2020 22:58:00.565 [restartedMain] INFO  o.s.b.d.a.ConditionEvaluationDeltaLoggingListener.onApplicationEvent - Condition evaluation unchanged
13-04-2020 22:58:19.469 [Thread-103] INFO  o.s.s.c.ThreadPoolTaskExecutor.shutdown - Shutting down ExecutorService 'applicationTaskExecutor'
13-04-2020 22:58:23.183 [restartedMain] INFO  o.s.b.w.e.tomcat.TomcatWebServer.initialize - Tomcat initialized with port(s): 8080 (http)
13-04-2020 22:58:23.185 [restartedMain] INFO  o.a.catalina.core.StandardService.log - Starting service [Tomcat]
13-04-2020 22:58:23.186 [restartedMain] INFO  o.a.catalina.core.StandardEngine.log - Starting Servlet engine: [Apache Tomcat/9.0.33]
13-04-2020 22:58:23.284 [restartedMain] INFO  o.a.c.c.C.[Tomcat].[localhost].[/].log - Initializing Spring embedded WebApplicationContext
13-04-2020 22:58:23.286 [restartedMain] INFO  o.s.web.context.ContextLoader.prepareWebApplicationContext - Root WebApplicationContext: initialization completed in 2089 ms
13-04-2020 22:58:23.309 [restartedMain] INFO  o.s.b.web.servlet.RegistrationBean.register - Filter characterEncodingFilter was not registered (possibly already registered?)
13-04-2020 22:58:23.524 [restartedMain] INFO  o.s.s.c.ThreadPoolTaskExecutor.initialize - Initializing ExecutorService 'applicationTaskExecutor'
13-04-2020 22:58:23.527 [restartedMain] INFO  o.s.b.d.a.OptionalLiveReloadServer.startServer - LiveReload server is running on port 35729
13-04-2020 22:58:23.599 [restartedMain] INFO  s.d.s.w.p.DocumentationPluginsBootstrapper.start - Context refreshed
13-04-2020 22:58:23.602 [restartedMain] INFO  s.d.s.w.p.DocumentationPluginsBootstrapper.start - Found 1 custom documentation plugin(s)
13-04-2020 22:58:23.608 [restartedMain] INFO  s.d.s.w.s.ApiListingReferenceScanner.scan - Scanning for api listing references
13-04-2020 22:58:23.739 [restartedMain] INFO  o.s.b.w.e.tomcat.TomcatWebServer.start - Tomcat started on port(s): 8080 (http) with context path ''
13-04-2020 22:58:23.748 [restartedMain] INFO  o.s.b.d.a.ConditionEvaluationDeltaLoggingListener.onApplicationEvent - Condition evaluation unchanged
13-04-2020 22:58:31.443 [Thread-108] INFO  o.s.s.c.ThreadPoolTaskExecutor.shutdown - Shutting down ExecutorService 'applicationTaskExecutor'
13-04-2020 22:58:37.252 [restartedMain] INFO  o.s.b.w.e.tomcat.TomcatWebServer.initialize - Tomcat initialized with port(s): 8080 (http)
13-04-2020 22:58:37.265 [restartedMain] INFO  o.a.catalina.core.StandardService.log - Starting service [Tomcat]
13-04-2020 22:58:37.271 [restartedMain] INFO  o.a.catalina.core.StandardEngine.log - Starting Servlet engine: [Apache Tomcat/9.0.33]
13-04-2020 22:58:37.460 [restartedMain] INFO  o.a.c.c.C.[Tomcat].[localhost].[/].log - Initializing Spring embedded WebApplicationContext
13-04-2020 22:58:37.477 [restartedMain] INFO  o.s.web.context.ContextLoader.prepareWebApplicationContext - Root WebApplicationContext: initialization completed in 2234 ms
13-04-2020 22:58:37.680 [restartedMain] INFO  o.s.b.web.servlet.RegistrationBean.register - Filter characterEncodingFilter was not registered (possibly already registered?)
13-04-2020 22:58:38.342 [restartedMain] INFO  o.s.s.c.ThreadPoolTaskExecutor.initialize - Initializing ExecutorService 'applicationTaskExecutor'
13-04-2020 22:58:38.359 [restartedMain] INFO  o.s.b.d.a.OptionalLiveReloadServer.startServer - LiveReload server is running on port 35729
13-04-2020 22:58:38.621 [restartedMain] INFO  s.d.s.w.p.DocumentationPluginsBootstrapper.start - Context refreshed
13-04-2020 22:58:38.623 [restartedMain] INFO  s.d.s.w.p.DocumentationPluginsBootstrapper.start - Found 1 custom documentation plugin(s)
13-04-2020 22:58:38.697 [restartedMain] INFO  s.d.s.w.s.ApiListingReferenceScanner.scan - Scanning for api listing references
13-04-2020 22:58:38.864 [restartedMain] INFO  o.s.b.w.e.tomcat.TomcatWebServer.start - Tomcat started on port(s): 8080 (http) with context path ''
13-04-2020 22:58:38.868 [restartedMain] INFO  o.s.b.d.a.ConditionEvaluationDeltaLoggingListener.onApplicationEvent - Condition evaluation unchanged
13-04-2020 22:59:16.152 [Thread-113] INFO  o.s.s.c.ThreadPoolTaskExecutor.shutdown - Shutting down ExecutorService 'applicationTaskExecutor'
